[debug] [2021-06-10T03:05:21.240Z] ----------------------------------------------------------------------
[debug] [2021-06-10T03:05:21.241Z] Command:       /usr/local/bin/node /usr/local/bin/firebase deploy
[debug] [2021-06-10T03:05:21.241Z] CLI Version:   9.12.1
[debug] [2021-06-10T03:05:21.241Z] Platform:      darwin
[debug] [2021-06-10T03:05:21.242Z] Node Version:  v14.15.4
[debug] [2021-06-10T03:05:21.243Z] Time:          Wed Jun 09 2021 23:05:21 GMT-0400 (Eastern Daylight Time)
[debug] [2021-06-10T03:05:21.243Z] ----------------------------------------------------------------------
[debug] 
[debug] [2021-06-10T03:05:21.253Z] > command requires scopes: ["email","openid","https://www.googleapis.com/auth/cloudplatformprojects.readonly","https://www.googleapis.com/auth/firebase","https://www.googleapis.com/auth/cloud-platform"]
[debug] [2021-06-10T03:05:21.253Z] > authorizing via signed-in user (jptepp@gmail.com)
[debug] [2021-06-10T03:05:21.253Z] [iam] checking project split-d526f for permissions ["cloudfunctions.functions.create","cloudfunctions.functions.delete","cloudfunctions.functions.get","cloudfunctions.functions.list","cloudfunctions.functions.update","cloudfunctions.operations.get","firebase.projects.get"]
[debug] [2021-06-10T03:05:21.254Z] >>> HTTP REQUEST POST https://cloudresourcemanager.googleapis.com/v1/projects/split-d526f:testIamPermissions  
 {"permissions":["cloudfunctions.functions.create","cloudfunctions.functions.delete","cloudfunctions.functions.get","cloudfunctions.functions.list","cloudfunctions.functions.update","cloudfunctions.operations.get","firebase.projects.get"]}
[debug] [2021-06-10T03:05:21.704Z] <<< HTTP RESPONSE 200 {"content-type":"application/json; charset=UTF-8","vary":"X-Origin, Referer, Origin,Accept-Encoding","date":"Thu, 10 Jun 2021 03:05:21 GMT","server":"ESF","cache-control":"private","x-xss-protection":"0","x-frame-options":"SAMEORIGIN","x-content-type-options":"nosniff","server-timing":"gfet4t7; dur=252","alt-svc":"h3-29=\":443\"; ma=2592000,h3-T051=\":443\"; ma=2592000,h3-Q050=\":443\"; ma=2592000,h3-Q046=\":443\"; ma=2592000,h3-Q043=\":443\"; ma=2592000,quic=\":443\"; ma=2592000; v=\"46,43\"","accept-ranges":"none","transfer-encoding":"chunked"}
[debug] [2021-06-10T03:05:21.712Z] >>> HTTP REQUEST POST https://iam.googleapis.com/v1/projects/split-d526f/serviceAccounts/split-d526f@appspot.gserviceaccount.com:testIamPermissions  
 {"permissions":["iam.serviceAccounts.actAs"]}
[debug] [2021-06-10T03:05:22.032Z] <<< HTTP RESPONSE 200 {"content-type":"application/json; charset=UTF-8","vary":"X-Origin, Referer, Origin,Accept-Encoding","date":"Thu, 10 Jun 2021 03:05:22 GMT","server":"ESF","cache-control":"private","x-xss-protection":"0","x-frame-options":"SAMEORIGIN","x-content-type-options":"nosniff","alt-svc":"h3-29=\":443\"; ma=2592000,h3-T051=\":443\"; ma=2592000,h3-Q050=\":443\"; ma=2592000,h3-Q046=\":443\"; ma=2592000,h3-Q043=\":443\"; ma=2592000,quic=\":443\"; ma=2592000; v=\"46,43\"","accept-ranges":"none","transfer-encoding":"chunked"}
[info] 
[info] === Deploying to 'split-d526f'...
[info] 
[info] i  deploying functions 
[info] Running command: npm --prefix "$RESOURCE_DIR" run lint
[info] ✔  functions: Finished running predeploy script. 
[info] i  functions: ensuring required API cloudfunctions.googleapis.com is enabled... 
[info] i  functions: ensuring required API cloudbuild.googleapis.com is enabled... 
[debug] [2021-06-10T03:05:25.394Z] >>> HTTP REQUEST GET https://serviceusage.googleapis.com/v1/projects/split-d526f/services/cloudfunctions.googleapis.com  
 
[debug] [2021-06-10T03:05:25.394Z] >>> HTTP REQUEST GET https://serviceusage.googleapis.com/v1/projects/split-d526f/services/runtimeconfig.googleapis.com  
 
[debug] [2021-06-10T03:05:25.394Z] >>> HTTP REQUEST GET https://serviceusage.googleapis.com/v1/projects/split-d526f/services/cloudbuild.googleapis.com  
 
[debug] [2021-06-10T03:05:25.880Z] <<< HTTP RESPONSE 200 {"content-type":"application/json; charset=UTF-8","vary":"X-Origin, Referer, Origin,Accept-Encoding","date":"Thu, 10 Jun 2021 03:05:25 GMT","server":"ESF","cache-control":"private","x-xss-protection":"0","x-frame-options":"SAMEORIGIN","x-content-type-options":"nosniff","alt-svc":"h3-29=\":443\"; ma=2592000,h3-T051=\":443\"; ma=2592000,h3-Q050=\":443\"; ma=2592000,h3-Q046=\":443\"; ma=2592000,h3-Q043=\":443\"; ma=2592000,quic=\":443\"; ma=2592000; v=\"46,43\"","accept-ranges":"none","transfer-encoding":"chunked"}
[debug] [2021-06-10T03:05:25.889Z] <<< HTTP RESPONSE 200 {"content-type":"application/json; charset=UTF-8","vary":"X-Origin, Referer, Origin,Accept-Encoding","date":"Thu, 10 Jun 2021 03:05:25 GMT","server":"ESF","cache-control":"private","x-xss-protection":"0","x-frame-options":"SAMEORIGIN","x-content-type-options":"nosniff","alt-svc":"h3-29=\":443\"; ma=2592000,h3-T051=\":443\"; ma=2592000,h3-Q050=\":443\"; ma=2592000,h3-Q046=\":443\"; ma=2592000,h3-Q043=\":443\"; ma=2592000,quic=\":443\"; ma=2592000; v=\"46,43\"","accept-ranges":"none","transfer-encoding":"chunked"}
[info] ✔  functions: required API cloudbuild.googleapis.com is enabled 
[debug] [2021-06-10T03:05:25.969Z] <<< HTTP RESPONSE 200 {"content-type":"application/json; charset=UTF-8","vary":"X-Origin, Referer, Origin,Accept-Encoding","date":"Thu, 10 Jun 2021 03:05:25 GMT","server":"ESF","cache-control":"private","x-xss-protection":"0","x-frame-options":"SAMEORIGIN","x-content-type-options":"nosniff","alt-svc":"h3-29=\":443\"; ma=2592000,h3-T051=\":443\"; ma=2592000,h3-Q050=\":443\"; ma=2592000,h3-Q046=\":443\"; ma=2592000,h3-Q043=\":443\"; ma=2592000,quic=\":443\"; ma=2592000; v=\"46,43\"","accept-ranges":"none","transfer-encoding":"chunked"}
[info] ✔  functions: required API cloudfunctions.googleapis.com is enabled 
[debug] [2021-06-10T03:05:25.971Z] >>> HTTP REQUEST GET https://firebase.googleapis.com/v1beta1/projects/split-d526f/adminSdkConfig  
 
[debug] [2021-06-10T03:05:26.229Z] <<< HTTP RESPONSE 200 {"content-type":"application/json; charset=UTF-8","vary":"X-Origin, Referer, Origin,Accept-Encoding","date":"Thu, 10 Jun 2021 03:05:26 GMT","server":"ESF","cache-control":"private","x-xss-protection":"0","x-frame-options":"SAMEORIGIN","x-content-type-options":"nosniff","alt-svc":"h3-29=\":443\"; ma=2592000,h3-T051=\":443\"; ma=2592000,h3-Q050=\":443\"; ma=2592000,h3-Q046=\":443\"; ma=2592000,h3-Q043=\":443\"; ma=2592000,quic=\":443\"; ma=2592000; v=\"46,43\"","accept-ranges":"none","transfer-encoding":"chunked"}
[info] i  functions: preparing functions directory for uploading... 
[debug] [2021-06-10T03:05:26.230Z] >>> HTTP REQUEST GET https://runtimeconfig.googleapis.com/v1beta1/projects/split-d526f/configs  
 
[debug] [2021-06-10T03:05:26.653Z] <<< HTTP RESPONSE 200 {"content-type":"application/json; charset=UTF-8","vary":"X-Origin, Referer, Origin,Accept-Encoding","date":"Thu, 10 Jun 2021 03:05:26 GMT","server":"ESF","cache-control":"private","x-xss-protection":"0","x-frame-options":"SAMEORIGIN","x-content-type-options":"nosniff","alt-svc":"h3-29=\":443\"; ma=2592000,h3-T051=\":443\"; ma=2592000,h3-Q050=\":443\"; ma=2592000,h3-Q046=\":443\"; ma=2592000,h3-Q043=\":443\"; ma=2592000,quic=\":443\"; ma=2592000; v=\"46,43\"","accept-ranges":"none","transfer-encoding":"chunked"}
[debug] [2021-06-10T03:05:26.654Z] Analyizing backend with strategy parseJSExports
[info] i  functions: packaged functions (35.2 KB) for uploading 
[debug] [2021-06-10T03:05:26.803Z] > [functions] package.json contents: {
  "name": "functions",
  "description": "Cloud Functions for Firebase",
  "scripts": {
    "lint": "eslint",
    "serve": "firebase emulators:start --only functions",
    "shell": "firebase functions:shell",
    "start": "npm run shell",
    "deploy": "firebase deploy --only functions",
    "logs": "firebase functions:log"
  },
  "engines": {
    "node": "14"
  },
  "main": "index.js",
  "dependencies": {
    "firebase-admin": "^9.8.0",
    "firebase-functions": "^3.14.1"
  },
  "devDependencies": {
    "eslint": "^7.6.0",
    "eslint-config-google": "^0.14.0",
    "firebase-functions-test": "^0.2.0"
  },
  "private": true
}
[debug] [2021-06-10T03:05:26.803Z] >>> HTTP REQUEST GET https://cloudfunctions.googleapis.com/v1/projects/split-d526f/locations/-/functions  
 
[debug] [2021-06-10T03:05:27.291Z] <<< HTTP RESPONSE 200 {"content-type":"application/json; charset=UTF-8","vary":"X-Origin, Referer, Origin,Accept-Encoding","date":"Thu, 10 Jun 2021 03:05:27 GMT","server":"ESF","cache-control":"private","x-xss-protection":"0","x-frame-options":"SAMEORIGIN","x-content-type-options":"nosniff","alt-svc":"h3=\":443\"; ma=2592000,h3-29=\":443\"; ma=2592000,h3-T051=\":443\"; ma=2592000,h3-Q050=\":443\"; ma=2592000,h3-Q046=\":443\"; ma=2592000,h3-Q043=\":443\"; ma=2592000,quic=\":443\"; ma=2592000; v=\"46,43\"","accept-ranges":"none","transfer-encoding":"chunked"}
[debug] [2021-06-10T03:05:27.294Z] >>> HTTP REQUEST POST https://cloudfunctions.googleapis.com/v1/projects/split-d526f/locations/us-central1/functions:generateUploadUrl  
 
[debug] [2021-06-10T03:05:27.767Z] <<< HTTP RESPONSE 200 {"content-type":"application/json; charset=UTF-8","vary":"X-Origin, Referer, Origin,Accept-Encoding","date":"Thu, 10 Jun 2021 03:05:27 GMT","server":"ESF","cache-control":"private","x-xss-protection":"0","x-frame-options":"SAMEORIGIN","x-content-type-options":"nosniff","alt-svc":"h3=\":443\"; ma=2592000,h3-29=\":443\"; ma=2592000,h3-T051=\":443\"; ma=2592000,h3-Q050=\":443\"; ma=2592000,h3-Q046=\":443\"; ma=2592000,h3-Q043=\":443\"; ma=2592000,quic=\":443\"; ma=2592000; v=\"46,43\"","accept-ranges":"none","transfer-encoding":"chunked"}
[debug] [2021-06-10T03:05:27.769Z] >>> HTTP REQUEST PUT https://storage.googleapis.com/gcf-upload-us-central1-941a7fbe-649d-4b5c-874a-414264fba751/e4167d71-4970-4580-9263-d8931c9ce853.zip?GoogleAccessId=service-914562162036@gcf-admin-robot.iam.gserviceaccount.com&Expires=1623296127&Signature=O63IbwgWp98so9D6fUeNF1kpuE5Z6gmUjhH89W9oybh5NtPwWgdCuli%2B2mxHLRSMAUUFDEwhwHie07jB1UlNKvHZDcGDJYuoipuA6U5mQDW%2FCAhgnrF%2BdPKZb%2FDVYszmQ4ERMeHyfMeKEYiHX9kS9kWxsYvJeHSjsJt8ZAqMN1C7ySinnBnOSV4MpOFU1LX6KpImMVYAyEitVRfRN3C7MuPZeNbdV2kc1pc%2Fik3NvyC21WFjuMEEvEuvXINRorvu8Z5AFt1PrVy6xJBay9f5%2BHkefJ6EFmlI1NX36H%2BxeO0egrlUViqtzcf5L%2F5%2FEBUPpfwJrkrJAaix4wbzIJls%2Fg%3D%3D  
 <request body omitted>
[debug] [2021-06-10T03:05:28.092Z] <<< HTTP RESPONSE 200 {"x-guploader-uploadid":"ABg5-UyN2iPmJgAfgGL0c_eCljWO00p7rmMsHN2kteKrZv42PyG7-h1LSTFl6KHgzFzXJkhPtvafoNnBtd-HpntTUoWEGfUlQg","etag":"\"fa455f78836e5ac06de4205edfa6da86\"","x-goog-generation":"1623294328090088","x-goog-metageneration":"1","x-goog-hash":"crc32c=GjMGpA==, md5=+kVfeINuWsBt5CBe36bahg==","x-goog-stored-content-length":"36045","x-goog-stored-content-encoding":"identity","vary":"Origin","content-length":"0","date":"Thu, 10 Jun 2021 03:05:28 GMT","server":"UploadServer","content-type":"text/html; charset=UTF-8","alt-svc":"h3=\":443\"; ma=2592000,h3-29=\":443\"; ma=2592000,h3-T051=\":443\"; ma=2592000,h3-Q050=\":443\"; ma=2592000,h3-Q046=\":443\"; ma=2592000,h3-Q043=\":443\"; ma=2592000,quic=\":443\"; ma=2592000; v=\"46,43\""}
[info] ✔  functions: functions folder uploaded successfully 
[info] i  functions: updating Node.js 14 function sendNotificationOnPayment(us-central1)... 
[debug] [2021-06-10T03:05:28.102Z] >>> HTTP REQUEST PATCH https://cloudfunctions.googleapis.com/v1/projects/split-d526f/locations/us-central1/functions/sendNotificationOnPayment {"updateMask":"name,sourceUploadUrl,entryPoint,runtime,eventTrigger.eventType,eventTrigger.resource,eventTrigger.failurePolicy,labels,environmentVariables"} 
 {"name":"projects/split-d526f/locations/us-central1/functions/sendNotificationOnPayment","sourceUploadUrl":"https://storage.googleapis.com/gcf-upload-us-central1-941a7fbe-649d-4b5c-874a-414264fba751/e4167d71-4970-4580-9263-d8931c9ce853.zip?GoogleAccessId=service-914562162036@gcf-admin-robot.iam.gserviceaccount.com&Expires=1623296127&Signature=O63IbwgWp98so9D6fUeNF1kpuE5Z6gmUjhH89W9oybh5NtPwWgdCuli%2B2mxHLRSMAUUFDEwhwHie07jB1UlNKvHZDcGDJYuoipuA6U5mQDW%2FCAhgnrF%2BdPKZb%2FDVYszmQ4ERMeHyfMeKEYiHX9kS9kWxsYvJeHSjsJt8ZAqMN1C7ySinnBnOSV4MpOFU1LX6KpImMVYAyEitVRfRN3C7MuPZeNbdV2kc1pc%2Fik3NvyC21WFjuMEEvEuvXINRorvu8Z5AFt1PrVy6xJBay9f5%2BHkefJ6EFmlI1NX36H%2BxeO0egrlUViqtzcf5L%2F5%2FEBUPpfwJrkrJAaix4wbzIJls%2Fg%3D%3D","entryPoint":"sendNotificationOnPayment","runtime":"nodejs14","eventTrigger":{"eventType":"providers/cloud.firestore/eventTypes/document.write","resource":"projects/split-d526f/databases/(default)/documents/houses/{houseid}/payments/{paymentid}"},"labels":{"deployment-tool":"cli-firebase"},"environmentVariables":{"FIREBASE_CONFIG":"{\"projectId\":\"split-d526f\",\"storageBucket\":\"split-d526f.appspot.com\",\"locationId\":\"us-east1\"}"}}
[debug] [2021-06-10T03:05:28.528Z] <<< HTTP RESPONSE 200 {"content-type":"application/json; charset=UTF-8","vary":"X-Origin, Referer, Origin,Accept-Encoding","date":"Thu, 10 Jun 2021 03:05:28 GMT","server":"ESF","cache-control":"private","x-xss-protection":"0","x-frame-options":"SAMEORIGIN","x-content-type-options":"nosniff","alt-svc":"h3=\":443\"; ma=2592000,h3-29=\":443\"; ma=2592000,h3-T051=\":443\"; ma=2592000,h3-Q050=\":443\"; ma=2592000,h3-Q046=\":443\"; ma=2592000,h3-Q043=\":443\"; ma=2592000,quic=\":443\"; ma=2592000; v=\"46,43\"","accept-ranges":"none","transfer-encoding":"chunked"}
[debug] [2021-06-10T03:05:28.532Z] > refreshing access token with scopes: []
[debug] [2021-06-10T03:05:28.533Z] >>> HTTP REQUEST POST https://www.googleapis.com/oauth2/v3/token  
 <request body omitted>
[debug] [2021-06-10T03:05:28.690Z] <<< HTTP RESPONSE 200 {"expires":"Mon, 01 Jan 1990 00:00:00 GMT","pragma":"no-cache","date":"Thu, 10 Jun 2021 03:05:28 GMT","cache-control":"no-cache, no-store, max-age=0, must-revalidate","content-type":"application/json; charset=utf-8","vary":"X-Origin, Referer, Origin,Accept-Encoding","server":"scaffolding on HTTPServer2","x-xss-protection":"0","x-frame-options":"SAMEORIGIN","x-content-type-options":"nosniff","alt-svc":"h3-29=\":443\"; ma=2592000,h3-T051=\":443\"; ma=2592000,h3-Q050=\":443\"; ma=2592000,h3-Q046=\":443\"; ma=2592000,h3-Q043=\":443\"; ma=2592000,quic=\":443\"; ma=2592000; v=\"46,43\"","accept-ranges":"none","transfer-encoding":"chunked"}
[debug] [2021-06-10T03:05:28.732Z] >>> [apiv2][query] GET https://cloudfunctions.googleapis.com/v1/operations/c3BsaXQtZDUyNmYvdXMtY2VudHJhbDEvc2VuZE5vdGlmaWNhdGlvbk9uUGF5bWVudC9SRm5xQ3FzSVlWVQ [none]
[debug] [2021-06-10T03:05:28.990Z] <<< [apiv2][status] GET https://cloudfunctions.googleapis.com/v1/operations/c3BsaXQtZDUyNmYvdXMtY2VudHJhbDEvc2VuZE5vdGlmaWNhdGlvbk9uUGF5bWVudC9SRm5xQ3FzSVlWVQ 200
[debug] [2021-06-10T03:05:28.990Z] <<< [apiv2][body] GET https://cloudfunctions.googleapis.com/v1/operations/c3BsaXQtZDUyNmYvdXMtY2VudHJhbDEvc2VuZE5vdGlmaWNhdGlvbk9uUGF5bWVudC9SRm5xQ3FzSVlWVQ {"name":"operations/c3BsaXQtZDUyNmYvdXMtY2VudHJhbDEvc2VuZE5vdGlmaWNhdGlvbk9uUGF5bWVudC9SRm5xQ3FzSVlWVQ","metadata":{"@type":"type.googleapis.com/google.cloud.functions.v1.OperationMetadataV1","target":"projects/split-d526f/locations/us-central1/functions/sendNotificationOnPayment","type":"UPDATE_FUNCTION","request":{"@type":"type.googleapis.com/google.cloud.functions.v1.CloudFunction","name":"projects/split-d526f/locations/us-central1/functions/sendNotificationOnPayment","eventTrigger":{"eventType":"providers/cloud.firestore/eventTypes/document.write","resource":"projects/split-d526f/databases/(default)/documents/houses/{houseid}/payments/{paymentid}","service":"firestore.googleapis.com"},"status":"ACTIVE","entryPoint":"sendNotificationOnPayment","timeout":"60s","availableMemoryMb":256,"serviceAccountEmail":"split-d526f@appspot.gserviceaccount.com","updateTime":"2021-06-10T03:03:19.186Z","versionId":"17","labels":{"deployment-tool":"cli-firebase"},"sourceUploadUrl":"https://storage.googleapis.com/gcf-upload-us-central1-941a7fbe-649d-4b5c-874a-414264fba751/e4167d71-4970-4580-9263-d8931c9ce853.zip?GoogleAccessId=service-914562162036@gcf-admin-robot.iam.gserviceaccount.com&Expires=1623296127&Signature=O63IbwgWp98so9D6fUeNF1kpuE5Z6gmUjhH89W9oybh5NtPwWgdCuli%2B2mxHLRSMAUUFDEwhwHie07jB1UlNKvHZDcGDJYuoipuA6U5mQDW%2FCAhgnrF%2BdPKZb%2FDVYszmQ4ERMeHyfMeKEYiHX9kS9kWxsYvJeHSjsJt8ZAqMN1C7ySinnBnOSV4MpOFU1LX6KpImMVYAyEitVRfRN3C7MuPZeNbdV2kc1pc%2Fik3NvyC21WFjuMEEvEuvXINRorvu8Z5AFt1PrVy6xJBay9f5%2BHkefJ6EFmlI1NX36H%2BxeO0egrlUViqtzcf5L%2F5%2FEBUPpfwJrkrJAaix4wbzIJls%2Fg%3D%3D","environmentVariables":{"FIREBASE_CONFIG":"{\"projectId\":\"split-d526f\",\"storageBucket\":\"split-d526f.appspot.com\",\"locationId\":\"us-east1\"}"},"runtime":"nodejs14","ingressSettings":"ALLOW_ALL","buildId":"a56a6089-0a54-4663-93b2-41cb709aac56"},"versionId":"18","updateTime":"2021-06-10T03:05:28Z","buildName":"projects/914562162036/locations/us-central1/builds/a56a6089-0a54-4663-93b2-41cb709aac56"}}
[debug] [2021-06-10T03:05:29.496Z] [update-projects/split-d526f/locations/us-central1/functions/sendNotificationOnPayment] Retrying task index 0
[debug] [2021-06-10T03:05:29.497Z] >>> [apiv2][query] GET https://cloudfunctions.googleapis.com/v1/operations/c3BsaXQtZDUyNmYvdXMtY2VudHJhbDEvc2VuZE5vdGlmaWNhdGlvbk9uUGF5bWVudC9SRm5xQ3FzSVlWVQ [none]
[debug] [2021-06-10T03:05:29.743Z] <<< [apiv2][status] GET https://cloudfunctions.googleapis.com/v1/operations/c3BsaXQtZDUyNmYvdXMtY2VudHJhbDEvc2VuZE5vdGlmaWNhdGlvbk9uUGF5bWVudC9SRm5xQ3FzSVlWVQ 200
[debug] [2021-06-10T03:05:29.744Z] <<< [apiv2][body] GET https://cloudfunctions.googleapis.com/v1/operations/c3BsaXQtZDUyNmYvdXMtY2VudHJhbDEvc2VuZE5vdGlmaWNhdGlvbk9uUGF5bWVudC9SRm5xQ3FzSVlWVQ {"name":"operations/c3BsaXQtZDUyNmYvdXMtY2VudHJhbDEvc2VuZE5vdGlmaWNhdGlvbk9uUGF5bWVudC9SRm5xQ3FzSVlWVQ","metadata":{"@type":"type.googleapis.com/google.cloud.functions.v1.OperationMetadataV1","target":"projects/split-d526f/locations/us-central1/functions/sendNotificationOnPayment","type":"UPDATE_FUNCTION","request":{"@type":"type.googleapis.com/google.cloud.functions.v1.CloudFunction","name":"projects/split-d526f/locations/us-central1/functions/sendNotificationOnPayment","eventTrigger":{"eventType":"providers/cloud.firestore/eventTypes/document.write","resource":"projects/split-d526f/databases/(default)/documents/houses/{houseid}/payments/{paymentid}","service":"firestore.googleapis.com"},"status":"ACTIVE","entryPoint":"sendNotificationOnPayment","timeout":"60s","availableMemoryMb":256,"serviceAccountEmail":"split-d526f@appspot.gserviceaccount.com","updateTime":"2021-06-10T03:03:19.186Z","versionId":"17","labels":{"deployment-tool":"cli-firebase"},"sourceUploadUrl":"https://storage.googleapis.com/gcf-upload-us-central1-941a7fbe-649d-4b5c-874a-414264fba751/e4167d71-4970-4580-9263-d8931c9ce853.zip?GoogleAccessId=service-914562162036@gcf-admin-robot.iam.gserviceaccount.com&Expires=1623296127&Signature=O63IbwgWp98so9D6fUeNF1kpuE5Z6gmUjhH89W9oybh5NtPwWgdCuli%2B2mxHLRSMAUUFDEwhwHie07jB1UlNKvHZDcGDJYuoipuA6U5mQDW%2FCAhgnrF%2BdPKZb%2FDVYszmQ4ERMeHyfMeKEYiHX9kS9kWxsYvJeHSjsJt8ZAqMN1C7ySinnBnOSV4MpOFU1LX6KpImMVYAyEitVRfRN3C7MuPZeNbdV2kc1pc%2Fik3NvyC21WFjuMEEvEuvXINRorvu8Z5AFt1PrVy6xJBay9f5%2BHkefJ6EFmlI1NX36H%2BxeO0egrlUViqtzcf5L%2F5%2FEBUPpfwJrkrJAaix4wbzIJls%2Fg%3D%3D","environmentVariables":{"FIREBASE_CONFIG":"{\"projectId\":\"split-d526f\",\"storageBucket\":\"split-d526f.appspot.com\",\"locationId\":\"us-east1\"}"},"runtime":"nodejs14","ingressSettings":"ALLOW_ALL","buildId":"a56a6089-0a54-4663-93b2-41cb709aac56"},"versionId":"18","updateTime":"2021-06-10T03:05:28Z","buildId":"c8a1b6f8-0e9a-4093-b2a1-ccaca91c447b","buildName":"projects/914562162036/locations/us-central1/builds/c8a1b6f8-0e9a-4093-b2a1-ccaca91c447b"}}
[debug] [2021-06-10T03:05:30.747Z] [update-projects/split-d526f/locations/us-central1/functions/sendNotificationOnPayment] Retrying task index 0
[debug] [2021-06-10T03:05:30.749Z] >>> [apiv2][query] GET https://cloudfunctions.googleapis.com/v1/operations/c3BsaXQtZDUyNmYvdXMtY2VudHJhbDEvc2VuZE5vdGlmaWNhdGlvbk9uUGF5bWVudC9SRm5xQ3FzSVlWVQ [none]
[debug] [2021-06-10T03:05:30.981Z] <<< [apiv2][status] GET https://cloudfunctions.googleapis.com/v1/operations/c3BsaXQtZDUyNmYvdXMtY2VudHJhbDEvc2VuZE5vdGlmaWNhdGlvbk9uUGF5bWVudC9SRm5xQ3FzSVlWVQ 200
[debug] [2021-06-10T03:05:30.982Z] <<< [apiv2][body] GET https://cloudfunctions.googleapis.com/v1/operations/c3BsaXQtZDUyNmYvdXMtY2VudHJhbDEvc2VuZE5vdGlmaWNhdGlvbk9uUGF5bWVudC9SRm5xQ3FzSVlWVQ {"name":"operations/c3BsaXQtZDUyNmYvdXMtY2VudHJhbDEvc2VuZE5vdGlmaWNhdGlvbk9uUGF5bWVudC9SRm5xQ3FzSVlWVQ","metadata":{"@type":"type.googleapis.com/google.cloud.functions.v1.OperationMetadataV1","target":"projects/split-d526f/locations/us-central1/functions/sendNotificationOnPayment","type":"UPDATE_FUNCTION","request":{"@type":"type.googleapis.com/google.cloud.functions.v1.CloudFunction","name":"projects/split-d526f/locations/us-central1/functions/sendNotificationOnPayment","eventTrigger":{"eventType":"providers/cloud.firestore/eventTypes/document.write","resource":"projects/split-d526f/databases/(default)/documents/houses/{houseid}/payments/{paymentid}","service":"firestore.googleapis.com"},"status":"ACTIVE","entryPoint":"sendNotificationOnPayment","timeout":"60s","availableMemoryMb":256,"serviceAccountEmail":"split-d526f@appspot.gserviceaccount.com","updateTime":"2021-06-10T03:03:19.186Z","versionId":"17","labels":{"deployment-tool":"cli-firebase"},"sourceUploadUrl":"https://storage.googleapis.com/gcf-upload-us-central1-941a7fbe-649d-4b5c-874a-414264fba751/e4167d71-4970-4580-9263-d8931c9ce853.zip?GoogleAccessId=service-914562162036@gcf-admin-robot.iam.gserviceaccount.com&Expires=1623296127&Signature=O63IbwgWp98so9D6fUeNF1kpuE5Z6gmUjhH89W9oybh5NtPwWgdCuli%2B2mxHLRSMAUUFDEwhwHie07jB1UlNKvHZDcGDJYuoipuA6U5mQDW%2FCAhgnrF%2BdPKZb%2FDVYszmQ4ERMeHyfMeKEYiHX9kS9kWxsYvJeHSjsJt8ZAqMN1C7ySinnBnOSV4MpOFU1LX6KpImMVYAyEitVRfRN3C7MuPZeNbdV2kc1pc%2Fik3NvyC21WFjuMEEvEuvXINRorvu8Z5AFt1PrVy6xJBay9f5%2BHkefJ6EFmlI1NX36H%2BxeO0egrlUViqtzcf5L%2F5%2FEBUPpfwJrkrJAaix4wbzIJls%2Fg%3D%3D","environmentVariables":{"FIREBASE_CONFIG":"{\"projectId\":\"split-d526f\",\"storageBucket\":\"split-d526f.appspot.com\",\"locationId\":\"us-east1\"}"},"runtime":"nodejs14","ingressSettings":"ALLOW_ALL","buildId":"a56a6089-0a54-4663-93b2-41cb709aac56"},"versionId":"18","updateTime":"2021-06-10T03:05:28Z","buildId":"c8a1b6f8-0e9a-4093-b2a1-ccaca91c447b","buildName":"projects/914562162036/locations/us-central1/builds/c8a1b6f8-0e9a-4093-b2a1-ccaca91c447b"}}
[debug] [2021-06-10T03:05:32.987Z] [update-projects/split-d526f/locations/us-central1/functions/sendNotificationOnPayment] Retrying task index 0
[debug] [2021-06-10T03:05:32.988Z] >>> [apiv2][query] GET https://cloudfunctions.googleapis.com/v1/operations/c3BsaXQtZDUyNmYvdXMtY2VudHJhbDEvc2VuZE5vdGlmaWNhdGlvbk9uUGF5bWVudC9SRm5xQ3FzSVlWVQ [none]
[debug] [2021-06-10T03:05:33.189Z] <<< [apiv2][status] GET https://cloudfunctions.googleapis.com/v1/operations/c3BsaXQtZDUyNmYvdXMtY2VudHJhbDEvc2VuZE5vdGlmaWNhdGlvbk9uUGF5bWVudC9SRm5xQ3FzSVlWVQ 200
[debug] [2021-06-10T03:05:33.189Z] <<< [apiv2][body] GET https://cloudfunctions.googleapis.com/v1/operations/c3BsaXQtZDUyNmYvdXMtY2VudHJhbDEvc2VuZE5vdGlmaWNhdGlvbk9uUGF5bWVudC9SRm5xQ3FzSVlWVQ {"name":"operations/c3BsaXQtZDUyNmYvdXMtY2VudHJhbDEvc2VuZE5vdGlmaWNhdGlvbk9uUGF5bWVudC9SRm5xQ3FzSVlWVQ","metadata":{"@type":"type.googleapis.com/google.cloud.functions.v1.OperationMetadataV1","target":"projects/split-d526f/locations/us-central1/functions/sendNotificationOnPayment","type":"UPDATE_FUNCTION","request":{"@type":"type.googleapis.com/google.cloud.functions.v1.CloudFunction","name":"projects/split-d526f/locations/us-central1/functions/sendNotificationOnPayment","eventTrigger":{"eventType":"providers/cloud.firestore/eventTypes/document.write","resource":"projects/split-d526f/databases/(default)/documents/houses/{houseid}/payments/{paymentid}","service":"firestore.googleapis.com"},"status":"ACTIVE","entryPoint":"sendNotificationOnPayment","timeout":"60s","availableMemoryMb":256,"serviceAccountEmail":"split-d526f@appspot.gserviceaccount.com","updateTime":"2021-06-10T03:03:19.186Z","versionId":"17","labels":{"deployment-tool":"cli-firebase"},"sourceUploadUrl":"https://storage.googleapis.com/gcf-upload-us-central1-941a7fbe-649d-4b5c-874a-414264fba751/e4167d71-4970-4580-9263-d8931c9ce853.zip?GoogleAccessId=service-914562162036@gcf-admin-robot.iam.gserviceaccount.com&Expires=1623296127&Signature=O63IbwgWp98so9D6fUeNF1kpuE5Z6gmUjhH89W9oybh5NtPwWgdCuli%2B2mxHLRSMAUUFDEwhwHie07jB1UlNKvHZDcGDJYuoipuA6U5mQDW%2FCAhgnrF%2BdPKZb%2FDVYszmQ4ERMeHyfMeKEYiHX9kS9kWxsYvJeHSjsJt8ZAqMN1C7ySinnBnOSV4MpOFU1LX6KpImMVYAyEitVRfRN3C7MuPZeNbdV2kc1pc%2Fik3NvyC21WFjuMEEvEuvXINRorvu8Z5AFt1PrVy6xJBay9f5%2BHkefJ6EFmlI1NX36H%2BxeO0egrlUViqtzcf5L%2F5%2FEBUPpfwJrkrJAaix4wbzIJls%2Fg%3D%3D","environmentVariables":{"FIREBASE_CONFIG":"{\"projectId\":\"split-d526f\",\"storageBucket\":\"split-d526f.appspot.com\",\"locationId\":\"us-east1\"}"},"runtime":"nodejs14","ingressSettings":"ALLOW_ALL","buildId":"a56a6089-0a54-4663-93b2-41cb709aac56"},"versionId":"18","updateTime":"2021-06-10T03:05:28Z","buildId":"c8a1b6f8-0e9a-4093-b2a1-ccaca91c447b","buildName":"projects/914562162036/locations/us-central1/builds/c8a1b6f8-0e9a-4093-b2a1-ccaca91c447b"}}
[debug] [2021-06-10T03:05:37.192Z] [update-projects/split-d526f/locations/us-central1/functions/sendNotificationOnPayment] Retrying task index 0
[debug] [2021-06-10T03:05:37.193Z] >>> [apiv2][query] GET https://cloudfunctions.googleapis.com/v1/operations/c3BsaXQtZDUyNmYvdXMtY2VudHJhbDEvc2VuZE5vdGlmaWNhdGlvbk9uUGF5bWVudC9SRm5xQ3FzSVlWVQ [none]
[debug] [2021-06-10T03:05:37.422Z] <<< [apiv2][status] GET https://cloudfunctions.googleapis.com/v1/operations/c3BsaXQtZDUyNmYvdXMtY2VudHJhbDEvc2VuZE5vdGlmaWNhdGlvbk9uUGF5bWVudC9SRm5xQ3FzSVlWVQ 200
[debug] [2021-06-10T03:05:37.422Z] <<< [apiv2][body] GET https://cloudfunctions.googleapis.com/v1/operations/c3BsaXQtZDUyNmYvdXMtY2VudHJhbDEvc2VuZE5vdGlmaWNhdGlvbk9uUGF5bWVudC9SRm5xQ3FzSVlWVQ {"name":"operations/c3BsaXQtZDUyNmYvdXMtY2VudHJhbDEvc2VuZE5vdGlmaWNhdGlvbk9uUGF5bWVudC9SRm5xQ3FzSVlWVQ","metadata":{"@type":"type.googleapis.com/google.cloud.functions.v1.OperationMetadataV1","target":"projects/split-d526f/locations/us-central1/functions/sendNotificationOnPayment","type":"UPDATE_FUNCTION","request":{"@type":"type.googleapis.com/google.cloud.functions.v1.CloudFunction","name":"projects/split-d526f/locations/us-central1/functions/sendNotificationOnPayment","eventTrigger":{"eventType":"providers/cloud.firestore/eventTypes/document.write","resource":"projects/split-d526f/databases/(default)/documents/houses/{houseid}/payments/{paymentid}","service":"firestore.googleapis.com"},"status":"ACTIVE","entryPoint":"sendNotificationOnPayment","timeout":"60s","availableMemoryMb":256,"serviceAccountEmail":"split-d526f@appspot.gserviceaccount.com","updateTime":"2021-06-10T03:03:19.186Z","versionId":"17","labels":{"deployment-tool":"cli-firebase"},"sourceUploadUrl":"https://storage.googleapis.com/gcf-upload-us-central1-941a7fbe-649d-4b5c-874a-414264fba751/e4167d71-4970-4580-9263-d8931c9ce853.zip?GoogleAccessId=service-914562162036@gcf-admin-robot.iam.gserviceaccount.com&Expires=1623296127&Signature=O63IbwgWp98so9D6fUeNF1kpuE5Z6gmUjhH89W9oybh5NtPwWgdCuli%2B2mxHLRSMAUUFDEwhwHie07jB1UlNKvHZDcGDJYuoipuA6U5mQDW%2FCAhgnrF%2BdPKZb%2FDVYszmQ4ERMeHyfMeKEYiHX9kS9kWxsYvJeHSjsJt8ZAqMN1C7ySinnBnOSV4MpOFU1LX6KpImMVYAyEitVRfRN3C7MuPZeNbdV2kc1pc%2Fik3NvyC21WFjuMEEvEuvXINRorvu8Z5AFt1PrVy6xJBay9f5%2BHkefJ6EFmlI1NX36H%2BxeO0egrlUViqtzcf5L%2F5%2FEBUPpfwJrkrJAaix4wbzIJls%2Fg%3D%3D","environmentVariables":{"FIREBASE_CONFIG":"{\"projectId\":\"split-d526f\",\"storageBucket\":\"split-d526f.appspot.com\",\"locationId\":\"us-east1\"}"},"runtime":"nodejs14","ingressSettings":"ALLOW_ALL","buildId":"a56a6089-0a54-4663-93b2-41cb709aac56"},"versionId":"18","updateTime":"2021-06-10T03:05:28Z","buildId":"c8a1b6f8-0e9a-4093-b2a1-ccaca91c447b","buildName":"projects/914562162036/locations/us-central1/builds/c8a1b6f8-0e9a-4093-b2a1-ccaca91c447b"}}
[debug] [2021-06-10T03:05:45.427Z] [update-projects/split-d526f/locations/us-central1/functions/sendNotificationOnPayment] Retrying task index 0
[debug] [2021-06-10T03:05:45.428Z] >>> [apiv2][query] GET https://cloudfunctions.googleapis.com/v1/operations/c3BsaXQtZDUyNmYvdXMtY2VudHJhbDEvc2VuZE5vdGlmaWNhdGlvbk9uUGF5bWVudC9SRm5xQ3FzSVlWVQ [none]
[debug] [2021-06-10T03:05:45.624Z] <<< [apiv2][status] GET https://cloudfunctions.googleapis.com/v1/operations/c3BsaXQtZDUyNmYvdXMtY2VudHJhbDEvc2VuZE5vdGlmaWNhdGlvbk9uUGF5bWVudC9SRm5xQ3FzSVlWVQ 200
[debug] [2021-06-10T03:05:45.624Z] <<< [apiv2][body] GET https://cloudfunctions.googleapis.com/v1/operations/c3BsaXQtZDUyNmYvdXMtY2VudHJhbDEvc2VuZE5vdGlmaWNhdGlvbk9uUGF5bWVudC9SRm5xQ3FzSVlWVQ {"name":"operations/c3BsaXQtZDUyNmYvdXMtY2VudHJhbDEvc2VuZE5vdGlmaWNhdGlvbk9uUGF5bWVudC9SRm5xQ3FzSVlWVQ","metadata":{"@type":"type.googleapis.com/google.cloud.functions.v1.OperationMetadataV1","target":"projects/split-d526f/locations/us-central1/functions/sendNotificationOnPayment","type":"UPDATE_FUNCTION","request":{"@type":"type.googleapis.com/google.cloud.functions.v1.CloudFunction","name":"projects/split-d526f/locations/us-central1/functions/sendNotificationOnPayment","eventTrigger":{"eventType":"providers/cloud.firestore/eventTypes/document.write","resource":"projects/split-d526f/databases/(default)/documents/houses/{houseid}/payments/{paymentid}","service":"firestore.googleapis.com"},"status":"ACTIVE","entryPoint":"sendNotificationOnPayment","timeout":"60s","availableMemoryMb":256,"serviceAccountEmail":"split-d526f@appspot.gserviceaccount.com","updateTime":"2021-06-10T03:03:19.186Z","versionId":"17","labels":{"deployment-tool":"cli-firebase"},"sourceUploadUrl":"https://storage.googleapis.com/gcf-upload-us-central1-941a7fbe-649d-4b5c-874a-414264fba751/e4167d71-4970-4580-9263-d8931c9ce853.zip?GoogleAccessId=service-914562162036@gcf-admin-robot.iam.gserviceaccount.com&Expires=1623296127&Signature=O63IbwgWp98so9D6fUeNF1kpuE5Z6gmUjhH89W9oybh5NtPwWgdCuli%2B2mxHLRSMAUUFDEwhwHie07jB1UlNKvHZDcGDJYuoipuA6U5mQDW%2FCAhgnrF%2BdPKZb%2FDVYszmQ4ERMeHyfMeKEYiHX9kS9kWxsYvJeHSjsJt8ZAqMN1C7ySinnBnOSV4MpOFU1LX6KpImMVYAyEitVRfRN3C7MuPZeNbdV2kc1pc%2Fik3NvyC21WFjuMEEvEuvXINRorvu8Z5AFt1PrVy6xJBay9f5%2BHkefJ6EFmlI1NX36H%2BxeO0egrlUViqtzcf5L%2F5%2FEBUPpfwJrkrJAaix4wbzIJls%2Fg%3D%3D","environmentVariables":{"FIREBASE_CONFIG":"{\"projectId\":\"split-d526f\",\"storageBucket\":\"split-d526f.appspot.com\",\"locationId\":\"us-east1\"}"},"runtime":"nodejs14","ingressSettings":"ALLOW_ALL","buildId":"a56a6089-0a54-4663-93b2-41cb709aac56"},"versionId":"18","updateTime":"2021-06-10T03:05:28Z","buildId":"c8a1b6f8-0e9a-4093-b2a1-ccaca91c447b","buildName":"projects/914562162036/locations/us-central1/builds/c8a1b6f8-0e9a-4093-b2a1-ccaca91c447b"}}
